mode: set
ddd-to-do-list/internal/aggregate/product.go:15.63,16.16 1 1
ddd-to-do-list/internal/aggregate/product.go:19.2,19.16 1 1
ddd-to-do-list/internal/aggregate/product.go:22.2,25.8 1 1
ddd-to-do-list/internal/aggregate/product.go:16.16,18.3 1 1
ddd-to-do-list/internal/aggregate/product.go:19.16,21.3 1 1
ddd-to-do-list/internal/aggregate/product.go:28.69,34.2 1 1
ddd-to-do-list/internal/aggregate/product.go:36.71,44.2 1 1
ddd-to-do-list/internal/aggregate/review.go:11.63,16.2 1 1
ddd-to-do-list/internal/aggregate/review.go:18.79,24.2 1 1
ddd-to-do-list/internal/usecase/review_usecase_impl.go:13.64,15.16 2 0
ddd-to-do-list/internal/usecase/review_usecase_impl.go:18.2,18.20 1 0
ddd-to-do-list/internal/usecase/review_usecase_impl.go:15.16,17.3 1 0
ddd-to-do-list/internal/usecase/review_usecase_impl.go:21.77,23.22 2 0
ddd-to-do-list/internal/usecase/review_usecase_impl.go:26.2,26.16 1 0
ddd-to-do-list/internal/usecase/review_usecase_impl.go:29.2,29.20 1 0
ddd-to-do-list/internal/usecase/review_usecase_impl.go:23.22,25.3 1 0
ddd-to-do-list/internal/usecase/review_usecase_impl.go:26.16,28.3 1 0
ddd-to-do-list/internal/usecase/review_usecase_impl.go:32.84,34.16 2 0
ddd-to-do-list/internal/usecase/review_usecase_impl.go:37.2,37.16 1 0
ddd-to-do-list/internal/usecase/review_usecase_impl.go:34.16,36.3 1 0
ddd-to-do-list/internal/usecase/review_usecase_impl.go:40.55,42.16 2 0
ddd-to-do-list/internal/usecase/review_usecase_impl.go:46.2,46.12 1 0
ddd-to-do-list/internal/usecase/review_usecase_impl.go:42.16,44.3 1 0
ddd-to-do-list/internal/usecase/review_usecase_impl.go:49.71,53.2 1 0
ddd-to-do-list/internal/usecase/summary_usecase_impl.go:13.82,15.16 2 0
ddd-to-do-list/internal/usecase/summary_usecase_impl.go:19.2,22.33 4 0
ddd-to-do-list/internal/usecase/summary_usecase_impl.go:37.2,37.22 1 0
ddd-to-do-list/internal/usecase/summary_usecase_impl.go:15.16,17.3 1 0
ddd-to-do-list/internal/usecase/summary_usecase_impl.go:22.33,23.24 1 0
ddd-to-do-list/internal/usecase/summary_usecase_impl.go:24.10,25.21 1 0
ddd-to-do-list/internal/usecase/summary_usecase_impl.go:26.10,27.21 1 0
ddd-to-do-list/internal/usecase/summary_usecase_impl.go:28.10,29.23 1 0
ddd-to-do-list/internal/usecase/summary_usecase_impl.go:30.10,31.22 1 0
ddd-to-do-list/internal/usecase/summary_usecase_impl.go:32.10,33.22 1 0
ddd-to-do-list/internal/usecase/summary_usecase_impl.go:40.102,42.16 2 0
ddd-to-do-list/internal/usecase/summary_usecase_impl.go:46.2,49.33 4 0
ddd-to-do-list/internal/usecase/summary_usecase_impl.go:64.2,64.22 1 0
ddd-to-do-list/internal/usecase/summary_usecase_impl.go:42.16,44.3 1 0
ddd-to-do-list/internal/usecase/summary_usecase_impl.go:49.33,50.24 1 0
ddd-to-do-list/internal/usecase/summary_usecase_impl.go:51.10,52.21 1 0
ddd-to-do-list/internal/usecase/summary_usecase_impl.go:53.10,54.21 1 0
ddd-to-do-list/internal/usecase/summary_usecase_impl.go:55.10,56.23 1 0
ddd-to-do-list/internal/usecase/summary_usecase_impl.go:57.10,58.22 1 0
ddd-to-do-list/internal/usecase/summary_usecase_impl.go:59.10,60.22 1 0
ddd-to-do-list/internal/usecase/summary_usecase_impl.go:67.121,72.2 1 0
ddd-to-do-list/internal/usecase/product_usecase_impl.go:13.67,15.16 2 1
ddd-to-do-list/internal/usecase/product_usecase_impl.go:18.2,18.21 1 1
ddd-to-do-list/internal/usecase/product_usecase_impl.go:15.16,17.3 1 1
ddd-to-do-list/internal/usecase/product_usecase_impl.go:21.80,23.23 2 1
ddd-to-do-list/internal/usecase/product_usecase_impl.go:26.2,26.16 1 1
ddd-to-do-list/internal/usecase/product_usecase_impl.go:29.2,29.21 1 1
ddd-to-do-list/internal/usecase/product_usecase_impl.go:23.23,25.3 1 1
ddd-to-do-list/internal/usecase/product_usecase_impl.go:26.16,28.3 1 0
ddd-to-do-list/internal/usecase/product_usecase_impl.go:32.84,34.16 2 0
ddd-to-do-list/internal/usecase/product_usecase_impl.go:37.2,37.17 1 0
ddd-to-do-list/internal/usecase/product_usecase_impl.go:34.16,36.3 1 0
ddd-to-do-list/internal/usecase/product_usecase_impl.go:40.57,42.16 2 0
ddd-to-do-list/internal/usecase/product_usecase_impl.go:46.2,46.12 1 0
ddd-to-do-list/internal/usecase/product_usecase_impl.go:42.16,44.3 1 0
ddd-to-do-list/internal/usecase/product_usecase_impl.go:49.74,53.2 1 1
ddd-to-do-list/internal/infrastructure/database/mysql/repository/product_repository_mysql.go:17.75,19.2 1 1
ddd-to-do-list/internal/infrastructure/database/mysql/repository/product_repository_mysql.go:21.103,23.16 2 1
ddd-to-do-list/internal/infrastructure/database/mysql/repository/product_repository_mysql.go:28.2,28.15 1 1
ddd-to-do-list/internal/infrastructure/database/mysql/repository/product_repository_mysql.go:34.2,35.18 2 1
ddd-to-do-list/internal/infrastructure/database/mysql/repository/product_repository_mysql.go:50.2,51.41 2 1
ddd-to-do-list/internal/infrastructure/database/mysql/repository/product_repository_mysql.go:59.2,59.22 1 1
ddd-to-do-list/internal/infrastructure/database/mysql/repository/product_repository_mysql.go:23.16,26.3 2 1
ddd-to-do-list/internal/infrastructure/database/mysql/repository/product_repository_mysql.go:28.15,30.20 2 1
ddd-to-do-list/internal/infrastructure/database/mysql/repository/product_repository_mysql.go:30.20,32.4 1 0
ddd-to-do-list/internal/infrastructure/database/mysql/repository/product_repository_mysql.go:35.18,43.17 3 1
ddd-to-do-list/internal/infrastructure/database/mysql/repository/product_repository_mysql.go:47.3,47.39 1 1
ddd-to-do-list/internal/infrastructure/database/mysql/repository/product_repository_mysql.go:43.17,45.4 1 0
ddd-to-do-list/internal/infrastructure/database/mysql/repository/product_repository_mysql.go:51.41,57.3 1 1
ddd-to-do-list/internal/infrastructure/database/mysql/repository/product_repository_mysql.go:62.83,66.16 3 1
ddd-to-do-list/internal/infrastructure/database/mysql/repository/product_repository_mysql.go:70.2,70.8 1 1
ddd-to-do-list/internal/infrastructure/database/mysql/repository/product_repository_mysql.go:66.16,68.3 1 1
ddd-to-do-list/internal/infrastructure/database/mysql/repository/product_repository_mysql.go:73.96,77.16 3 1
ddd-to-do-list/internal/infrastructure/database/mysql/repository/product_repository_mysql.go:81.2,81.8 1 1
ddd-to-do-list/internal/infrastructure/database/mysql/repository/product_repository_mysql.go:77.16,79.3 1 1
ddd-to-do-list/internal/infrastructure/database/mysql/repository/product_repository_mysql.go:84.92,91.16 3 0
ddd-to-do-list/internal/infrastructure/database/mysql/repository/product_repository_mysql.go:95.2,96.16 2 0
ddd-to-do-list/internal/infrastructure/database/mysql/repository/product_repository_mysql.go:99.2,101.17 2 0
ddd-to-do-list/internal/infrastructure/database/mysql/repository/product_repository_mysql.go:91.16,93.3 1 0
ddd-to-do-list/internal/infrastructure/database/mysql/repository/product_repository_mysql.go:96.16,98.3 1 0
ddd-to-do-list/internal/infrastructure/database/mysql/repository/product_repository_mysql.go:104.65,111.16 3 1
ddd-to-do-list/internal/infrastructure/database/mysql/repository/product_repository_mysql.go:115.2,115.12 1 1
ddd-to-do-list/internal/infrastructure/database/mysql/repository/product_repository_mysql.go:111.16,113.3 1 1
ddd-to-do-list/internal/infrastructure/database/mysql/repository/review_repository_mysql.go:17.73,21.2 1 1
ddd-to-do-list/internal/infrastructure/database/mysql/repository/review_repository_mysql.go:23.101,25.16 2 1
ddd-to-do-list/internal/infrastructure/database/mysql/repository/review_repository_mysql.go:30.2,30.15 1 1
ddd-to-do-list/internal/infrastructure/database/mysql/repository/review_repository_mysql.go:36.2,37.18 2 1
ddd-to-do-list/internal/infrastructure/database/mysql/repository/review_repository_mysql.go:52.2,53.39 2 1
ddd-to-do-list/internal/infrastructure/database/mysql/repository/review_repository_mysql.go:62.2,62.21 1 1
ddd-to-do-list/internal/infrastructure/database/mysql/repository/review_repository_mysql.go:25.16,28.3 2 1
ddd-to-do-list/internal/infrastructure/database/mysql/repository/review_repository_mysql.go:30.15,32.20 2 1
ddd-to-do-list/internal/infrastructure/database/mysql/repository/review_repository_mysql.go:32.20,34.4 1 0
ddd-to-do-list/internal/infrastructure/database/mysql/repository/review_repository_mysql.go:37.18,45.17 3 1
ddd-to-do-list/internal/infrastructure/database/mysql/repository/review_repository_mysql.go:49.3,49.37 1 1
ddd-to-do-list/internal/infrastructure/database/mysql/repository/review_repository_mysql.go:45.17,47.4 1 0
ddd-to-do-list/internal/infrastructure/database/mysql/repository/review_repository_mysql.go:53.39,60.3 2 1
ddd-to-do-list/internal/infrastructure/database/mysql/repository/review_repository_mysql.go:65.80,69.16 3 1
ddd-to-do-list/internal/infrastructure/database/mysql/repository/review_repository_mysql.go:73.2,73.8 1 1
ddd-to-do-list/internal/infrastructure/database/mysql/repository/review_repository_mysql.go:69.16,71.3 1 1
ddd-to-do-list/internal/infrastructure/database/mysql/repository/review_repository_mysql.go:76.93,80.16 3 1
ddd-to-do-list/internal/infrastructure/database/mysql/repository/review_repository_mysql.go:84.2,84.8 1 1
ddd-to-do-list/internal/infrastructure/database/mysql/repository/review_repository_mysql.go:80.16,82.3 1 1
ddd-to-do-list/internal/infrastructure/database/mysql/repository/review_repository_mysql.go:87.92,94.16 3 0
ddd-to-do-list/internal/infrastructure/database/mysql/repository/review_repository_mysql.go:97.2,98.16 2 0
ddd-to-do-list/internal/infrastructure/database/mysql/repository/review_repository_mysql.go:101.2,102.17 2 0
ddd-to-do-list/internal/infrastructure/database/mysql/repository/review_repository_mysql.go:94.16,96.3 1 0
ddd-to-do-list/internal/infrastructure/database/mysql/repository/review_repository_mysql.go:98.16,100.3 1 0
ddd-to-do-list/internal/infrastructure/database/mysql/repository/review_repository_mysql.go:105.63,111.16 3 1
ddd-to-do-list/internal/infrastructure/database/mysql/repository/review_repository_mysql.go:114.2,114.12 1 1
ddd-to-do-list/internal/infrastructure/database/mysql/repository/review_repository_mysql.go:111.16,113.3 1 1
